<?xml version="1.0" encoding="UTF-8"?>
<testsuite name="org.antlr.test.TestAutoAST" time="15.111" tests="55" errors="0" skipped="0" failures="0">
  <properties>
[...]
</properties>
  <testcase name="testSet" classname="org.antlr.test.TestAutoAST" time="0.354"/>
  <testcase name="testTokenListInSingleAltBlock" classname="org.antlr.test.TestAutoAST" time="0.344"/>
  <testcase name="testSimpleRootAtOuterLevel" classname="org.antlr.test.TestAutoAST" time="0.325"/>
  <testcase name="testOptionalThenRoot" classname="org.antlr.test.TestAutoAST" time="0.462"/>
  <testcase name="testTokenListLabelReuse" classname="org.antlr.test.TestAutoAST" time="0.316"/>
  <testcase name="testTokenLabelReuse" classname="org.antlr.test.TestAutoAST" time="0.306"/>
  <testcase name="testSetRootWithLabel" classname="org.antlr.test.TestAutoAST" time="0.309"/>
  <testcase name="testRuleInvocationRuleRootInLoop" classname="org.antlr.test.TestAutoAST" time="0.29"/>
  <testcase name="testNotSetWithLabel" classname="org.antlr.test.TestAutoAST" time="0.268"/>
  <testcase name="testNotSetWithListLabel" classname="org.antlr.test.TestAutoAST" time="0.263"/>
  <testcase name="testTokenLabelReuse2" classname="org.antlr.test.TestAutoAST" time="0.274"/>
  <testcase name="testTokenListLabelBang" classname="org.antlr.test.TestAutoAST" time="0.38"/>
  <testcase name="testComplicatedMelange" classname="org.antlr.test.TestAutoAST" time="0.262"/>
  <testcase name="testSetAsRuleRootInLoop" classname="org.antlr.test.TestAutoAST" time="0.26"/>
  <testcase name="testWildcardRootWithListLabel" classname="org.antlr.test.TestAutoAST" time="0.283"/>
  <testcase name="testRuleListLabelRuleRoot" classname="org.antlr.test.TestAutoAST" time="0.257"/>
  <testcase name="testWildcardRootWithLabel" classname="org.antlr.test.TestAutoAST" time="0.261"/>
  <testcase name="testRuleListLabelBang" classname="org.antlr.test.TestAutoAST" time="0.252"/>
  <testcase name="testTokenListLabelReuse2" classname="org.antlr.test.TestAutoAST" time="0.273"/>
  <testcase name="testMissingIDInSimpleDecl" classname="org.antlr.test.TestAutoAST" time="0.274"/>
  <testcase name="testNestedSubrule" classname="org.antlr.test.TestAutoAST" time="0.276"/>
  <testcase name="testInvokeRuleAsRootWithLabel" classname="org.antlr.test.TestAutoAST" time="0.297"/>
  <testcase name="testRootThenRootInLoop" classname="org.antlr.test.TestAutoAST" time="0.249"/>
  <testcase name="testRuleRootInLoop" classname="org.antlr.test.TestAutoAST" time="0.32"/>
  <testcase name="testTailRecursion" classname="org.antlr.test.TestAutoAST" time="0.323"/>
  <testcase name="testWildcardBangWithListLabel" classname="org.antlr.test.TestAutoAST" time="0.265"/>
  <testcase name="testNotSetRootWithListLabel" classname="org.antlr.test.TestAutoAST" time="0.229"/>
  <testcase name="testTokenListLabelRuleRoot" classname="org.antlr.test.TestAutoAST" time="0.267"/>
  <testcase name="testMissingSetInSimpleDecl" classname="org.antlr.test.TestAutoAST" time="0.304"/>
  <testcase name="testMissingTokenGivesErrorNode" classname="org.antlr.test.TestAutoAST" time="0.271"/>
  <testcase name="testExtraTokenGivesErrorNode" classname="org.antlr.test.TestAutoAST" time="0.295"/>
  <testcase name="testLabeledStringRoot" classname="org.antlr.test.TestAutoAST" time="0.242"/>
  <testcase name="testReturnValueWithAST" classname="org.antlr.test.TestAutoAST" time="0.257"/>
  <testcase name="testExtraTokenInSimpleDecl" classname="org.antlr.test.TestAutoAST" time="0.254"/>
  <testcase name="testNoViableAltGivesErrorNode" classname="org.antlr.test.TestAutoAST" time="0.273"/>
  <testcase name="testNotSetRuleRootInLoop" classname="org.antlr.test.TestAutoAST" time="0.264"/>
  <testcase name="testNotSetRootWithLabel" classname="org.antlr.test.TestAutoAST" time="0.264"/>
  <testcase name="testRuleListLabel" classname="org.antlr.test.TestAutoAST" time="0.302"/>
  <testcase name="testInvokeRuleAsRoot" classname="org.antlr.test.TestAutoAST" time="0.248"/>
  <testcase name="testTokenList" classname="org.antlr.test.TestAutoAST" time="0.29"/>
  <testcase name="testSetLoop" classname="org.antlr.test.TestAutoAST" time="0.275"/>
  <testcase name="testInvokeRule" classname="org.antlr.test.TestAutoAST" time="0.261"/>
  <testcase name="testRootRoot2" classname="org.antlr.test.TestAutoAST" time="0.229"/>
  <testcase name="testSetRoot" classname="org.antlr.test.TestAutoAST" time="0.233"/>
  <testcase name="testNotSet" classname="org.antlr.test.TestAutoAST" time="0.23"/>
  <testcase name="testWildcardRoot" classname="org.antlr.test.TestAutoAST" time="0.27"/>
  <testcase name="testNotSetRoot" classname="org.antlr.test.TestAutoAST" time="0.272"/>
  <testcase name="testBang" classname="org.antlr.test.TestAutoAST" time="0.226"/>
  <testcase name="testWildcard" classname="org.antlr.test.TestAutoAST" time="0.224"/>
  <testcase name="testRootRoot" classname="org.antlr.test.TestAutoAST" time="0.231"/>
  <testcase name="testInvokeRuleAsRootWithListLabel" classname="org.antlr.test.TestAutoAST" time="0.251"/>
  <testcase name="testMissingTokenGivesErrorNodeInInvokedRule" classname="org.antlr.test.TestAutoAST" time="0.228"/>
  <testcase name="testMissingFirstTokenGivesErrorNode" classname="org.antlr.test.TestAutoAST" time="0.232"/>
  <testcase name="testSimpleRootAtOuterLevelReverse" classname="org.antlr.test.TestAutoAST" time="0.225"/>
  <testcase name="testMissingFirstTokenGivesErrorNode2" classname="org.antlr.test.TestAutoAST" time="0.221"/>
</testsuite>