<?xml version="1.0" encoding="UTF-8"?>
<testsuite name="org.antlr.test.TestTreeIterator" time="0.004" tests="7" errors="0" skipped="0" failures="0">
  <properties>
[...]
</properties>
  <testcase name="testReset" classname="org.antlr.test.TestTreeIterator" time="0.004"/>
  <testcase name="testAB" classname="org.antlr.test.TestTreeIterator" time="0"/>
  <testcase name="testFlatAB" classname="org.antlr.test.TestTreeIterator" time="0"/>
  <testcase name="testComplex" classname="org.antlr.test.TestTreeIterator" time="0"/>
  <testcase name="testABC" classname="org.antlr.test.TestTreeIterator" time="0"/>
  <testcase name="testVerticalList" classname="org.antlr.test.TestTreeIterator" time="0"/>
  <testcase name="testNode" classname="org.antlr.test.TestTreeIterator" time="0"/>
</testsuite>