<?xml version="1.0" encoding="UTF-8"?>
<testsuite name="org.antlr.test.TestSemanticPredicates" time="0.039" tests="42" errors="0" skipped="0" failures="8">
  <properties>
    <property name="java.runtime.name" value="Java(TM) SE Runtime Environment"/>
    <property name="sun.boot.library.path" value="C:\Program Files\Java\jdk1.8.0_131\jre\bin"/>
    <property name="java.vm.version" value="25.131-b11"/>
    <property name="java.vm.vendor" value="Oracle Corporation"/>
    <property name="maven.multiModuleProjectDirectory" value="C:\Users\Roel\Documents\Projects\antlr3-haxe\antlr3"/>
    <property name="java.vendor.url" value="http://java.oracle.com/"/>
    <property name="path.separator" value=";"/>
    <property name="guice.disable.misplaced.annotation.check" value="true"/>
    <property name="java.vm.name" value="Java HotSpot(TM) 64-Bit Server VM"/>
    <property name="file.encoding.pkg" value="sun.io"/>
    <property name="user.script" value=""/>
    <property name="user.country" value="GB"/>
    <property name="sun.java.launcher" value="SUN_STANDARD"/>
    <property name="sun.os.patch.level" value=""/>
    <property name="java.vm.specification.name" value="Java Virtual Machine Specification"/>
    <property name="user.dir" value="C:\Users\Roel\Documents\Projects\antlr3-haxe\antlr3"/>
    <property name="java.runtime.version" value="1.8.0_131-b11"/>
    <property name="java.awt.graphicsenv" value="sun.awt.Win32GraphicsEnvironment"/>
    <property name="java.endorsed.dirs" value="C:\Program Files\Java\jdk1.8.0_131\jre\lib\endorsed"/>
    <property name="os.arch" value="amd64"/>
    <property name="java.io.tmpdir" value="C:\Users\Roel\AppData\Local\Temp\"/>
    <property name="line.separator" value="&#10;"/>
    <property name="java.vm.specification.vendor" value="Oracle Corporation"/>
    <property name="user.variant" value=""/>
    <property name="os.name" value="Windows 10"/>
    <property name="classworlds.conf" value="C:\Users\Roel\Downloads\apache-maven-3.5.0\bin\..\bin\m2.conf"/>
    <property name="sun.jnu.encoding" value="Cp1252"/>
    <property name="java.library.path" value="C:\Program Files\Java\jdk1.8.0_131\bin;C:\Windows\Sun\Java\bin;C:\Windows\system32;C:\Windows;C:\cmder\bin;C:\cmder\vendor\git-for-windows\cmd;C:\cmder\vendor\conemu-maximus5\ConEmu\Scripts;C:\cmder\vendor\conemu-maximus5;C:\cmder\vendor\conemu-maximus5\ConEmu;C:\Program Files\NVIDIA GPU Computing Toolkit\CUDA\v8.0\bin;C:\Program Files\NVIDIA GPU Computing Toolkit\CUDA\v8.0\libnvvp;C:\ProgramData\Oracle\Java\javapath;C:\Windows\system32;C:\Windows;C:\Windows\System32\Wbem;C:\Windows\System32\WindowsPowerShell\v1.0\;C:\HaxeToolkit\haxe\;C:\HaxeToolkit\neko;C:\Program Files\nodejs\;C:\Program Files (x86)\NVIDIA Corporation\PhysX\Common;C:\Users\Roel\Downloads\cudnn-8.0-windows10-x64-v5.1\cuda\bin;C:\Users\Roel\Downloads\apache-maven-3.5.0\bin;C:\Users\Roel\AppData\Local\Microsoft\WindowsApps;;C:\Program Files (x86)\Microsoft VS Code\bin;C:\Users\Roel\AppData\Roaming\npm;C:\cmder\vendor\git-for-windows\usr\bin;C:\cmder\vendor\git-for-windows\usr\share\vim\vim74;C:\cmder\;."/>
    <property name="maven.conf" value="C:\Users\Roel\Downloads\apache-maven-3.5.0\bin\../conf"/>
    <property name="java.specification.name" value="Java Platform API Specification"/>
    <property name="java.class.version" value="52.0"/>
    <property name="sun.management.compiler" value="HotSpot 64-Bit Tiered Compilers"/>
    <property name="os.version" value="10.0"/>
    <property name="library.jansi.path" value="C:\Users\Roel\Downloads\apache-maven-3.5.0\bin\..\lib\jansi-native\windows64"/>
    <property name="user.home" value="C:\Users\Roel"/>
    <property name="user.timezone" value="Europe/Berlin"/>
    <property name="java.awt.printerjob" value="sun.awt.windows.WPrinterJob"/>
    <property name="java.specification.version" value="1.8"/>
    <property name="file.encoding" value="Cp1252"/>
    <property name="user.name" value="Roel"/>
    <property name="java.class.path" value="C:\Users\Roel\Downloads\apache-maven-3.5.0\bin\..\boot\plexus-classworlds-2.5.2.jar"/>
    <property name="java.vm.specification.version" value="1.8"/>
    <property name="sun.arch.data.model" value="64"/>
    <property name="java.home" value="C:\Program Files\Java\jdk1.8.0_131\jre"/>
    <property name="sun.java.command" value="org.codehaus.plexus.classworlds.launcher.Launcher install"/>
    <property name="java.specification.vendor" value="Oracle Corporation"/>
    <property name="user.language" value="en"/>
    <property name="awt.toolkit" value="sun.awt.windows.WToolkit"/>
    <property name="java.vm.info" value="mixed mode"/>
    <property name="java.version" value="1.8.0_131"/>
    <property name="java.ext.dirs" value="C:\Program Files\Java\jdk1.8.0_131\jre\lib\ext;C:\Windows\Sun\Java\lib\ext"/>
    <property name="sun.boot.class.path" value="C:\Program Files\Java\jdk1.8.0_131\jre\lib\resources.jar;C:\Program Files\Java\jdk1.8.0_131\jre\lib\rt.jar;C:\Program Files\Java\jdk1.8.0_131\jre\lib\sunrsasign.jar;C:\Program Files\Java\jdk1.8.0_131\jre\lib\jsse.jar;C:\Program Files\Java\jdk1.8.0_131\jre\lib\jce.jar;C:\Program Files\Java\jdk1.8.0_131\jre\lib\charsets.jar;C:\Program Files\Java\jdk1.8.0_131\jre\lib\jfr.jar;C:\Program Files\Java\jdk1.8.0_131\jre\classes"/>
    <property name="sun.stderr.encoding" value="cp437"/>
    <property name="java.vendor" value="Oracle Corporation"/>
    <property name="maven.home" value="C:\Users\Roel\Downloads\apache-maven-3.5.0\bin\.."/>
    <property name="file.separator" value="\"/>
    <property name="java.vendor.url.bug" value="http://bugreport.sun.com/bugreport/"/>
    <property name="sun.cpu.endian" value="little"/>
    <property name="sun.io.unicode.encoding" value="UnicodeLittle"/>
    <property name="sun.stdout.encoding" value="cp437"/>
    <property name="sun.desktop" value="windows"/>
    <property name="sun.cpu.isalist" value="amd64"/>
  </properties>
  <testcase name="testPredicatedLoop" classname="org.antlr.test.TestSemanticPredicates" time="0"/>
  <testcase name="testLL_1_Pred_forced_k_1" classname="org.antlr.test.TestSemanticPredicates" time="0"/>
  <testcase name="testSemanticContextPreventsEarlyTerminationOfClosure" classname="org.antlr.test.TestSemanticPredicates" time="0"/>
  <testcase name="testIncompleteSemanticHoistedContextInFOLLOWDueToHiddenPred" classname="org.antlr.test.TestSemanticPredicates" time="0"/>
  <testcase name="testIncompleteSemanticHoistedContextInFOLLOWk2" classname="org.antlr.test.TestSemanticPredicates" time="0"/>
  <testcase name="testIncompleteSemanticHoistedContextk2" classname="org.antlr.test.TestSemanticPredicates" time="0"/>
  <testcase name="testIncompleteSemanticHoistedContextInFOLLOW" classname="org.antlr.test.TestSemanticPredicates" time="0"/>
  <testcase name="testIncompleteSemanticHoistedContext2" classname="org.antlr.test.TestSemanticPredicates" time="0"/>
  <testcase name="testIgnoresHoistingDepthGreaterThanZero" classname="org.antlr.test.TestSemanticPredicates" time="0.001"/>
  <testcase name="testIgnoresPredsHiddenByActionsOneAlt" classname="org.antlr.test.TestSemanticPredicates" time="0.001"/>
  <testcase name="testIgnorePredFromLL2AltPredUnionNeeded" classname="org.antlr.test.TestSemanticPredicates" time="0.002">
    <failure message="expected:&lt;...-C-&gt;:s3=&gt;2&#10;.s1-{!((p[3||p2]))}?-&gt;:s5=&gt;4&#10;.s1-{p2...&gt; but was:&lt;...-C-&gt;:s3=&gt;2&#10;.s1-{!((p[2||p3]))}?-&gt;:s5=&gt;4&#10;.s1-{p2...&gt;" type="org.junit.ComparisonFailure"><![CDATA[org.junit.ComparisonFailure: expected:<...-C->:s3=>2
.s1-{!((p[3||p2]))}?->:s5=>4
.s1-{p2...> but was:<...-C->:s3=>2
.s1-{!((p[2||p3]))}?->:s5=>4
.s1-{p2...>
	at org.junit.Assert.assertEquals(Assert.java:125)
	at org.junit.Assert.assertEquals(Assert.java:147)
	at org.antlr.test.TestSemanticPredicates.checkDecision(TestSemanticPredicates.java:901)
	at org.antlr.test.TestSemanticPredicates.testIgnorePredFromLL2AltPredUnionNeeded(TestSemanticPredicates.java:318)
]]></failure>
  </testcase>
  <testcase name="testPredGets2SymbolSyntacticContext" classname="org.antlr.test.TestSemanticPredicates" time="0.001"/>
  <testcase name="testPredsUsedAfterK2FailsNoRecursionOverflow" classname="org.antlr.test.TestSemanticPredicates" time="0.002"/>
  <testcase name="testLexerMatchesLongestThenTestPred" classname="org.antlr.test.TestSemanticPredicates" time="0.001"/>
  <testcase name="testPredsUsedAfterRecursionOverflow" classname="org.antlr.test.TestSemanticPredicates" time="0.002"/>
  <testcase name="testGatedPredHoistsAndCanBeInStopState" classname="org.antlr.test.TestSemanticPredicates" time="0.001"/>
  <testcase name="testGatedPredNotActuallyUsedOnEdges" classname="org.antlr.test.TestSemanticPredicates" time="0.001"/>
  <testcase name="testGatedPredDoesNotForceAllToBeGated" classname="org.antlr.test.TestSemanticPredicates" time="0.001"/>
  <testcase name="testIgnorePredFromLL2AltLastAltIsDefaultTrue" classname="org.antlr.test.TestSemanticPredicates" time="0.002"/>
  <testcase name="testGatedPredDoesNotForceAllToBeGated2" classname="org.antlr.test.TestSemanticPredicates" time="0.002">
    <failure message="expected:&lt;.s0-B-&gt;.s1&#10;.s0-C&amp;&amp;{([r&amp;&amp;q])}?-&gt;:s3=&gt;2&#10;.s1-{p}?...&gt; but was:&lt;.s0-B-&gt;.s1&#10;.s0-C&amp;&amp;{([q&amp;&amp;r])}?-&gt;:s3=&gt;2&#10;.s1-{p}?...&gt;" type="org.junit.ComparisonFailure"><![CDATA[org.junit.ComparisonFailure: expected:<.s0-B->.s1
.s0-C&&{([r&&q])}?->:s3=>2
.s1-{p}?...> but was:<.s0-B->.s1
.s0-C&&{([q&&r])}?->:s3=>2
.s1-{p}?...>
	at org.junit.Assert.assertEquals(Assert.java:125)
	at org.junit.Assert.assertEquals(Assert.java:147)
	at org.antlr.test.TestSemanticPredicates.checkDecision(TestSemanticPredicates.java:901)
	at org.antlr.test.TestSemanticPredicates.testGatedPredDoesNotForceAllToBeGated2(TestSemanticPredicates.java:539)
]]></failure>
    <system-err><![CDATA[warning(105): <string>:6:5: no lexer rule corresponding to token: B
warning(105): <string>:5:12: no lexer rule corresponding to token: C
warning(105): <string>:3:10: no lexer rule corresponding to token: B
warning(105): <string>:6:5: no lexer rule corresponding to token: B
warning(105): <string>:5:12: no lexer rule corresponding to token: C
warning(105): <string>:3:10: no lexer rule corresponding to token: B
]]></system-err>
  </testcase>
  <testcase name="testIncompleteSemanticHoistedContext" classname="org.antlr.test.TestSemanticPredicates" time="0.001"/>
  <testcase name="testPredsButSyntaxResolves" classname="org.antlr.test.TestSemanticPredicates" time="0.001"/>
  <testcase name="testGatedPred" classname="org.antlr.test.TestSemanticPredicates" time="0.001">
    <failure message="expected:&lt;.s0-&apos;a&apos;&amp;&amp;{([q||p)}?-&gt;.s1&#10;.s0-&apos;b&apos;&amp;&amp;{q}?-&gt;:s4=&gt;2&#10;.s1-&apos;a&apos;..&apos;b&apos;&amp;&amp;{q}?-&gt;:s4=&gt;2&#10;.s1-&lt;EOT&gt;&amp;&amp;{(q||p])}?-&gt;.s2&#10;.s2-{p}?-&gt;:...&gt; but was:&lt;.s0-&apos;a&apos;&amp;&amp;{([p||q)}?-&gt;.s1&#10;.s0-&apos;b&apos;&amp;&amp;{q}?-&gt;:s4=&gt;2&#10;.s1-&apos;a&apos;..&apos;b&apos;&amp;&amp;{q}?-&gt;:s4=&gt;2&#10;.s1-&lt;EOT&gt;&amp;&amp;{(p||q])}?-&gt;.s2&#10;.s2-{p}?-&gt;:...&gt;" type="org.junit.ComparisonFailure"><![CDATA[org.junit.ComparisonFailure: expected:<.s0-'a'&&{([q||p)}?->.s1
.s0-'b'&&{q}?->:s4=>2
.s1-'a'..'b'&&{q}?->:s4=>2
.s1-<EOT>&&{(q||p])}?->.s2
.s2-{p}?->:...> but was:<.s0-'a'&&{([p||q)}?->.s1
.s0-'b'&&{q}?->:s4=>2
.s1-'a'..'b'&&{q}?->:s4=>2
.s1-<EOT>&&{(p||q])}?->.s2
.s2-{p}?->:...>
	at org.junit.Assert.assertEquals(Assert.java:125)
	at org.junit.Assert.assertEquals(Assert.java:147)
	at org.antlr.test.TestSemanticPredicates.checkDecision(TestSemanticPredicates.java:901)
	at org.antlr.test.TestSemanticPredicates.testGatedPred(TestSemanticPredicates.java:454)
]]></failure>
  </testcase>
  <testcase name="testOrPredicates" classname="org.antlr.test.TestSemanticPredicates" time="0.001">
    <failure message="expected:&lt;.s0-A-&gt;.s1&#10;.s1-{(p1[a||p1])}?-&gt;:s2=&gt;1&#10;.s1-{p2}...&gt; but was:&lt;.s0-A-&gt;.s1&#10;.s1-{(p1[||p1a])}?-&gt;:s2=&gt;1&#10;.s1-{p2}...&gt;" type="org.junit.ComparisonFailure"><![CDATA[org.junit.ComparisonFailure: expected:<.s0-A->.s1
.s1-{(p1[a||p1])}?->:s2=>1
.s1-{p2}...> but was:<.s0-A->.s1
.s1-{(p1[||p1a])}?->:s2=>1
.s1-{p2}...>
	at org.junit.Assert.assertEquals(Assert.java:125)
	at org.junit.Assert.assertEquals(Assert.java:147)
	at org.antlr.test.TestSemanticPredicates.checkDecision(TestSemanticPredicates.java:901)
	at org.antlr.test.TestSemanticPredicates.testOrPredicates(TestSemanticPredicates.java:140)
]]></failure>
  </testcase>
  <testcase name="testLL_2_Pred" classname="org.antlr.test.TestSemanticPredicates" time="0.001"/>
  <testcase name="testPredWithK1" classname="org.antlr.test.TestSemanticPredicates" time="0.001"/>
  <testcase name="testLL_1_Pred" classname="org.antlr.test.TestSemanticPredicates" time="0"/>
  <testcase name="testHoist2" classname="org.antlr.test.TestSemanticPredicates" time="0.001"/>
  <testcase name="testORGatedPred" classname="org.antlr.test.TestSemanticPredicates" time="0.003">
    <failure message="expected:&lt;.s0-B-&gt;.s1&#10;.s0-C&amp;&amp;{([r&amp;&amp;q)}?-&gt;:s3=&gt;2&#10;.s1-{(s&amp;&amp;q])}?-&gt;:s3=&gt;2&#10;.s1-{p}?...&gt; but was:&lt;.s0-B-&gt;.s1&#10;.s0-C&amp;&amp;{([q&amp;&amp;r)}?-&gt;:s3=&gt;2&#10;.s1-{(q&amp;&amp;s])}?-&gt;:s3=&gt;2&#10;.s1-{p}?...&gt;" type="org.junit.ComparisonFailure"><![CDATA[org.junit.ComparisonFailure: expected:<.s0-B->.s1
.s0-C&&{([r&&q)}?->:s3=>2
.s1-{(s&&q])}?->:s3=>2
.s1-{p}?...> but was:<.s0-B->.s1
.s0-C&&{([q&&r)}?->:s3=>2
.s1-{(q&&s])}?->:s3=>2
.s1-{p}?...>
	at org.junit.Assert.assertEquals(Assert.java:125)
	at org.junit.Assert.assertEquals(Assert.java:147)
	at org.antlr.test.TestSemanticPredicates.checkDecision(TestSemanticPredicates.java:901)
	at org.antlr.test.TestSemanticPredicates.testORGatedPred(TestSemanticPredicates.java:556)
]]></failure>
    <system-err><![CDATA[warning(105): <string>:6:12: no lexer rule corresponding to token: B
warning(105): <string>:5:12: no lexer rule corresponding to token: C
warning(105): <string>:3:10: no lexer rule corresponding to token: B
warning(105): <string>:6:12: no lexer rule corresponding to token: B
warning(105): <string>:5:12: no lexer rule corresponding to token: C
warning(105): <string>:3:10: no lexer rule corresponding to token: B
]]></system-err>
  </testcase>
  <testcase name="testDefaultPredNakedAltIsLast" classname="org.antlr.test.TestSemanticPredicates" time="0"/>
  <testcase name="testMatchesLongestThenTestPred" classname="org.antlr.test.TestSemanticPredicates" time="0.001"/>
  <testcase name="testIgnoresPredsHiddenByActions" classname="org.antlr.test.TestSemanticPredicates" time="0.001"/>
  <testcase name="testPredicatedToStayInLoop" classname="org.antlr.test.TestSemanticPredicates" time="0.001"/>
  <testcase name="testHoistCorrectContext" classname="org.antlr.test.TestSemanticPredicates" time="0.001"/>
  <testcase name="testDefaultPredNakedAltNotLast" classname="org.antlr.test.TestSemanticPredicates" time="0"/>
  <testcase name="testTooFewSemanticPredicates" classname="org.antlr.test.TestSemanticPredicates" time="0.001"/>
  <testcase name="testPredWithArbitraryLookahead" classname="org.antlr.test.TestSemanticPredicates" time="0.001"/>
  <testcase name="testUniquePredicateOR" classname="org.antlr.test.TestSemanticPredicates" time="0.002">
    <failure message="expected:&lt;.s0-X-&gt;.s1&#10;.s1-{([(b||a)&amp;&amp;c])}?-&gt;:s2=&gt;1&#10;.s1-{c}?...&gt; but was:&lt;.s0-X-&gt;.s1&#10;.s1-{([c&amp;&amp;(a||b)])}?-&gt;:s2=&gt;1&#10;.s1-{c}?...&gt;" type="org.junit.ComparisonFailure"><![CDATA[org.junit.ComparisonFailure: expected:<.s0-X->.s1
.s1-{([(b||a)&&c])}?->:s2=>1
.s1-{c}?...> but was:<.s0-X->.s1
.s1-{([c&&(a||b)])}?->:s2=>1
.s1-{c}?...>
	at org.junit.Assert.assertEquals(Assert.java:125)
	at org.junit.Assert.assertEquals(Assert.java:147)
	at org.antlr.test.TestSemanticPredicates.checkDecision(TestSemanticPredicates.java:901)
	at org.antlr.test.TestSemanticPredicates.testUniquePredicateOR(TestSemanticPredicates.java:745)
]]></failure>
  </testcase>
  <testcase name="testAndPredicates" classname="org.antlr.test.TestSemanticPredicates" time="0.001">
    <failure message="expected:&lt;.s0-A-&gt;.s1&#10;.s1-{(p1[a&amp;&amp;p1])}?-&gt;:s2=&gt;1&#10;.s1-{p2}...&gt; but was:&lt;.s0-A-&gt;.s1&#10;.s1-{(p1[&amp;&amp;p1a])}?-&gt;:s2=&gt;1&#10;.s1-{p2}...&gt;" type="org.junit.ComparisonFailure"><![CDATA[org.junit.ComparisonFailure: expected:<.s0-A->.s1
.s1-{(p1[a&&p1])}?->:s2=>1
.s1-{p2}...> but was:<.s0-A->.s1
.s1-{(p1[&&p1a])}?->:s2=>1
.s1-{p2}...>
	at org.junit.Assert.assertEquals(Assert.java:125)
	at org.junit.Assert.assertEquals(Assert.java:147)
	at org.antlr.test.TestSemanticPredicates.checkDecision(TestSemanticPredicates.java:901)
	at org.antlr.test.TestSemanticPredicates.testAndPredicates(TestSemanticPredicates.java:127)
]]></failure>
  </testcase>
  <testcase name="testLexerMatchesLongestMinusPred" classname="org.antlr.test.TestSemanticPredicates" time="0"/>
  <testcase name="testGatedPredInCyclicDFA" classname="org.antlr.test.TestSemanticPredicates" time="0.002">
    <failure message="expected:&lt;.s0-&apos;a&apos;&amp;&amp;{([q||p)}?-&gt;.s1&#10;.s0-&apos;b&apos;&amp;&amp;{q}?-&gt;:s5=&gt;2&#10;.s1-&apos;a&apos;&amp;&amp;{(q||p)}?-&gt;.s1&#10;.s1-&apos;b&apos;&amp;&amp;{q}?-&gt;:s5=&gt;2&#10;.s1-&apos;x&apos;&amp;&amp;{(q||p)}?-&gt;.s2&#10;.s2-&lt;EOT&gt;&amp;&amp;{(q||p])}?-&gt;.s3&#10;.s3-{p}?-&gt;:...&gt; but was:&lt;.s0-&apos;a&apos;&amp;&amp;{([p||q)}?-&gt;.s1&#10;.s0-&apos;b&apos;&amp;&amp;{q}?-&gt;:s5=&gt;2&#10;.s1-&apos;a&apos;&amp;&amp;{(p||q)}?-&gt;.s1&#10;.s1-&apos;b&apos;&amp;&amp;{q}?-&gt;:s5=&gt;2&#10;.s1-&apos;x&apos;&amp;&amp;{(p||q)}?-&gt;.s2&#10;.s2-&lt;EOT&gt;&amp;&amp;{(p||q])}?-&gt;.s3&#10;.s3-{p}?-&gt;:...&gt;" type="org.junit.ComparisonFailure"><![CDATA[org.junit.ComparisonFailure: expected:<.s0-'a'&&{([q||p)}?->.s1
.s0-'b'&&{q}?->:s5=>2
.s1-'a'&&{(q||p)}?->.s1
.s1-'b'&&{q}?->:s5=>2
.s1-'x'&&{(q||p)}?->.s2
.s2-<EOT>&&{(q||p])}?->.s3
.s3-{p}?->:...> but was:<.s0-'a'&&{([p||q)}?->.s1
.s0-'b'&&{q}?->:s5=>2
.s1-'a'&&{(p||q)}?->.s1
.s1-'b'&&{q}?->:s5=>2
.s1-'x'&&{(p||q)}?->.s2
.s2-<EOT>&&{(p||q])}?->.s3
.s3-{p}?->:...>
	at org.junit.Assert.assertEquals(Assert.java:125)
	at org.junit.Assert.assertEquals(Assert.java:147)
	at org.antlr.test.TestSemanticPredicates.checkDecision(TestSemanticPredicates.java:901)
	at org.antlr.test.TestSemanticPredicates.testGatedPredInCyclicDFA(TestSemanticPredicates.java:486)
]]></failure>
  </testcase>
  <testcase name="testLeftRecursivePred" classname="org.antlr.test.TestSemanticPredicates" time="0.001"/>
</testsuite>