<?xml version="1.0" encoding="UTF-8"?>
<testsuite name="org.antlr.test.TestAttributes" time="2.612" tests="119" errors="0" skipped="0" failures="0">
  <properties>
[...]
</properties>
  <testcase name="testEscaped$InAction" classname="org.antlr.test.TestAttributes" time="0.12"/>
  <testcase name="testArguments" classname="org.antlr.test.TestAttributes" time="0.043"/>
  <testcase name="testComplicatedArgParsing" classname="org.antlr.test.TestAttributes" time="0.047"/>
  <testcase name="testBracketArgParsing" classname="org.antlr.test.TestAttributes" time="0.037"/>
  <testcase name="testStringArgParsing" classname="org.antlr.test.TestAttributes" time="0.023"/>
  <testcase name="testComplicatedSingleArgParsing" classname="org.antlr.test.TestAttributes" time="0.023"/>
  <testcase name="testArgWithLT" classname="org.antlr.test.TestAttributes" time="0.021"/>
  <testcase name="testGenericsAsArgumentDefinition" classname="org.antlr.test.TestAttributes" time="0.023"/>
  <testcase name="testGenericsAsArgumentDefinition2" classname="org.antlr.test.TestAttributes" time="0.015"/>
  <testcase name="testGenericsAsReturnValue" classname="org.antlr.test.TestAttributes" time="0.001"/>
  <testcase name="testComplicatedArgParsingWithTranslation" classname="org.antlr.test.TestAttributes" time="0.016"/>
  <testcase name="testRefToReturnValueBeforeRefToPredefinedAttr" classname="org.antlr.test.TestAttributes" time="0.019"/>
  <testcase name="testRuleLabelBeforeRefToPredefinedAttr" classname="org.antlr.test.TestAttributes" time="0.016"/>
  <testcase name="testInvalidArguments" classname="org.antlr.test.TestAttributes" time="0.001"/>
  <testcase name="testReturnValue" classname="org.antlr.test.TestAttributes" time="0.014"/>
  <testcase name="testActionNotMovedToSynPred" classname="org.antlr.test.TestAttributes" time="0.032"/>
  <testcase name="testReturnValueWithNumber" classname="org.antlr.test.TestAttributes" time="0.014"/>
  <testcase name="testReturnValues" classname="org.antlr.test.TestAttributes" time="0.016"/>
  <testcase name="testReturnWithMultipleRuleRefs" classname="org.antlr.test.TestAttributes" time="0.018"/>
  <testcase name="testInvalidReturnValues" classname="org.antlr.test.TestAttributes" time="0.001"/>
  <testcase name="testTokenLabels" classname="org.antlr.test.TestAttributes" time="0.018"/>
  <testcase name="testEscapedLessThanInAction" classname="org.antlr.test.TestAttributes" time="0.001"/>
  <testcase name="testRuleLabels" classname="org.antlr.test.TestAttributes" time="0.014"/>
  <testcase name="testAmbiguRuleRef" classname="org.antlr.test.TestAttributes" time="0.012"/>
  <testcase name="testRuleLabelsWithSpecialToken" classname="org.antlr.test.TestAttributes" time="0.015"/>
  <testcase name="testForwardRefRuleLabels" classname="org.antlr.test.TestAttributes" time="0.013"/>
  <testcase name="testInvalidRuleLabelAccessesParameter" classname="org.antlr.test.TestAttributes" time="0.001"/>
  <testcase name="testInvalidRuleLabelAccessesScopeAttribute" classname="org.antlr.test.TestAttributes" time="0.001"/>
  <testcase name="testInvalidRuleAttribute" classname="org.antlr.test.TestAttributes" time="0.001"/>
  <testcase name="testMissingRuleAttribute" classname="org.antlr.test.TestAttributes" time="0.002"/>
  <testcase name="testMissingUnlabeledRuleAttribute" classname="org.antlr.test.TestAttributes" time="0.001"/>
  <testcase name="testNonDynamicAttributeOutsideRule" classname="org.antlr.test.TestAttributes" time="0.001"/>
  <testcase name="testNonDynamicAttributeOutsideRule2" classname="org.antlr.test.TestAttributes" time="0.001"/>
  <testcase name="testBasicGlobalScope" classname="org.antlr.test.TestAttributes" time="0.018"/>
  <testcase name="testUnknownGlobalScope" classname="org.antlr.test.TestAttributes" time="0.014"/>
  <testcase name="testIndexedGlobalScope" classname="org.antlr.test.TestAttributes" time="0.019"/>
  <testcase name="test0IndexedGlobalScope" classname="org.antlr.test.TestAttributes" time="0.012"/>
  <testcase name="testAbsoluteIndexedGlobalScope" classname="org.antlr.test.TestAttributes" time="0.014"/>
  <testcase name="testScopeAndAttributeWithUnderscore" classname="org.antlr.test.TestAttributes" time="0.013"/>
  <testcase name="testSharedGlobalScope" classname="org.antlr.test.TestAttributes" time="0.015"/>
  <testcase name="testGlobalScopeOutsideRule" classname="org.antlr.test.TestAttributes" time="0.012"/>
  <testcase name="testRuleScopeOutsideRule" classname="org.antlr.test.TestAttributes" time="0.013"/>
  <testcase name="testBasicRuleScope" classname="org.antlr.test.TestAttributes" time="0.015"/>
  <testcase name="testUnqualifiedRuleScopeAccessInsideRule" classname="org.antlr.test.TestAttributes" time="0.012"/>
  <testcase name="testIsolatedDynamicRuleScopeRef" classname="org.antlr.test.TestAttributes" time="0.016"/>
  <testcase name="testDynamicRuleScopeRefInSubrule" classname="org.antlr.test.TestAttributes" time="0.017"/>
  <testcase name="testIsolatedGlobalScopeRef" classname="org.antlr.test.TestAttributes" time="0.017"/>
  <testcase name="testRuleScopeFromAnotherRule" classname="org.antlr.test.TestAttributes" time="0.016"/>
  <testcase name="testFullyQualifiedRefToCurrentRuleParameter" classname="org.antlr.test.TestAttributes" time="0.017"/>
  <testcase name="testFullyQualifiedRefToCurrentRuleRetVal" classname="org.antlr.test.TestAttributes" time="0.016"/>
  <testcase name="testSetFullyQualifiedRefToCurrentRuleRetVal" classname="org.antlr.test.TestAttributes" time="0.012"/>
  <testcase name="testIsolatedRefToCurrentRule" classname="org.antlr.test.TestAttributes" time="0.011"/>
  <testcase name="testIsolatedRefToRule" classname="org.antlr.test.TestAttributes" time="0.014"/>
  <testcase name="testFullyQualifiedRefToTemplateAttributeInCurrentRule" classname="org.antlr.test.TestAttributes" time="0.018"/>
  <testcase name="testRuleRefWhenRuleHasScope" classname="org.antlr.test.TestAttributes" time="0.012"/>
  <testcase name="testDynamicScopeRefOkEvenThoughRuleRefExists" classname="org.antlr.test.TestAttributes" time="0.014"/>
  <testcase name="testRefToTemplateAttributeForCurrentRule" classname="org.antlr.test.TestAttributes" time="0.012"/>
  <testcase name="testRefToTextAttributeForCurrentRule" classname="org.antlr.test.TestAttributes" time="0.013"/>
  <testcase name="testRefToStartAttributeForCurrentRule" classname="org.antlr.test.TestAttributes" time="0.011"/>
  <testcase name="testTokenLabelFromMultipleAlts" classname="org.antlr.test.TestAttributes" time="0.015"/>
  <testcase name="testRuleLabelFromMultipleAlts" classname="org.antlr.test.TestAttributes" time="0.014"/>
  <testcase name="testUnknownDynamicAttribute" classname="org.antlr.test.TestAttributes" time="0.01"/>
  <testcase name="testUnknownGlobalDynamicAttribute" classname="org.antlr.test.TestAttributes" time="0.01"/>
  <testcase name="testUnqualifiedRuleScopeAttribute" classname="org.antlr.test.TestAttributes" time="0"/>
  <testcase name="testRuleAndTokenLabelTypeMismatch" classname="org.antlr.test.TestAttributes" time="0"/>
  <testcase name="testListAndTokenLabelTypeMismatch" classname="org.antlr.test.TestAttributes" time="0.001"/>
  <testcase name="testListAndRuleLabelTypeMismatch" classname="org.antlr.test.TestAttributes" time="0.001"/>
  <testcase name="testArgReturnValueMismatch" classname="org.antlr.test.TestAttributes" time="0.001"/>
  <testcase name="testSimplePlusEqualLabel" classname="org.antlr.test.TestAttributes" time="0.016"/>
  <testcase name="testPlusEqualStringLabel" classname="org.antlr.test.TestAttributes" time="0.012"/>
  <testcase name="testPlusEqualSetLabel" classname="org.antlr.test.TestAttributes" time="0.012"/>
  <testcase name="testPlusEqualWildcardLabel" classname="org.antlr.test.TestAttributes" time="0.012"/>
  <testcase name="testImplicitTokenLabel" classname="org.antlr.test.TestAttributes" time="0.01"/>
  <testcase name="testImplicitRuleLabel" classname="org.antlr.test.TestAttributes" time="0.012"/>
  <testcase name="testReuseExistingLabelWithImplicitRuleLabel" classname="org.antlr.test.TestAttributes" time="0.01"/>
  <testcase name="testReuseExistingListLabelWithImplicitRuleLabel" classname="org.antlr.test.TestAttributes" time="0.015"/>
  <testcase name="testReuseExistingLabelWithImplicitTokenLabel" classname="org.antlr.test.TestAttributes" time="0.01"/>
  <testcase name="testReuseExistingListLabelWithImplicitTokenLabel" classname="org.antlr.test.TestAttributes" time="0.011"/>
  <testcase name="testRuleLabelWithoutOutputOption" classname="org.antlr.test.TestAttributes" time="0.01"/>
  <testcase name="testRuleLabelOnTwoDifferentRulesAST" classname="org.antlr.test.TestAttributes" time="0.697"/>
  <testcase name="testRuleLabelOnTwoDifferentRulesTemplate" classname="org.antlr.test.TestAttributes" time="0.329"/>
  <testcase name="testMissingArgs" classname="org.antlr.test.TestAttributes" time="0.016"/>
  <testcase name="testArgsWhenNoneDefined" classname="org.antlr.test.TestAttributes" time="0.016"/>
  <testcase name="testReturnInitValue" classname="org.antlr.test.TestAttributes" time="0.001"/>
  <testcase name="testMultipleReturnInitValue" classname="org.antlr.test.TestAttributes" time="0.001"/>
  <testcase name="testCStyleReturnInitValue" classname="org.antlr.test.TestAttributes" time="0.001"/>
  <testcase name="testArgsWithInitValues" classname="org.antlr.test.TestAttributes" time="0.014"/>
  <testcase name="testArgsOnToken" classname="org.antlr.test.TestAttributes" time="0.013"/>
  <testcase name="testArgsOnTokenInLexer" classname="org.antlr.test.TestAttributes" time="0.015"/>
  <testcase name="testLabelOnRuleRefInLexer" classname="org.antlr.test.TestAttributes" time="0.03"/>
  <testcase name="testRefToRuleRefInLexer" classname="org.antlr.test.TestAttributes" time="0.011"/>
  <testcase name="testRefToRuleRefInLexerNoAttribute" classname="org.antlr.test.TestAttributes" time="0.013"/>
  <testcase name="testCharLabelInLexer" classname="org.antlr.test.TestAttributes" time="0.01"/>
  <testcase name="testCharListLabelInLexer" classname="org.antlr.test.TestAttributes" time="0.01"/>
  <testcase name="testWildcardCharLabelInLexer" classname="org.antlr.test.TestAttributes" time="0.01"/>
  <testcase name="testWildcardCharListLabelInLexer" classname="org.antlr.test.TestAttributes" time="0.011"/>
  <testcase name="testMissingArgsInLexer" classname="org.antlr.test.TestAttributes" time="0.01"/>
  <testcase name="testLexerRulePropertyRefs" classname="org.antlr.test.TestAttributes" time="0.013"/>
  <testcase name="testLexerLabelRefs" classname="org.antlr.test.TestAttributes" time="0.011"/>
  <testcase name="testSettingLexerRulePropertyRefs" classname="org.antlr.test.TestAttributes" time="0.01"/>
  <testcase name="testArgsOnTokenInLexerRuleOfCombined" classname="org.antlr.test.TestAttributes" time="0.01"/>
  <testcase name="testMissingArgsOnTokenInLexerRuleOfCombined" classname="org.antlr.test.TestAttributes" time="0.015"/>
  <testcase name="testTokenLabelTreeProperty" classname="org.antlr.test.TestAttributes" time="0.012"/>
  <testcase name="testTokenRefTreeProperty" classname="org.antlr.test.TestAttributes" time="0.016"/>
  <testcase name="testAmbiguousTokenRef" classname="org.antlr.test.TestAttributes" time="0.012"/>
  <testcase name="testAmbiguousTokenRefWithProp" classname="org.antlr.test.TestAttributes" time="0.017"/>
  <testcase name="testRuleRefWithDynamicScope" classname="org.antlr.test.TestAttributes" time="0.012"/>
  <testcase name="testAssignToOwnRulenameAttr" classname="org.antlr.test.TestAttributes" time="0.01"/>
  <testcase name="testAssignToOwnParamAttr" classname="org.antlr.test.TestAttributes" time="0.011"/>
  <testcase name="testIllegalAssignToOwnRulenameAttr" classname="org.antlr.test.TestAttributes" time="0.011"/>
  <testcase name="testIllegalAssignToLocalAttr" classname="org.antlr.test.TestAttributes" time="0.01"/>
  <testcase name="testIllegalAssignRuleRefAttr" classname="org.antlr.test.TestAttributes" time="0.013"/>
  <testcase name="testIllegalAssignTokenRefAttr" classname="org.antlr.test.TestAttributes" time="0.009"/>
  <testcase name="testAssignToTreeNodeAttribute" classname="org.antlr.test.TestAttributes" time="0.018"/>
  <testcase name="testDoNotTranslateAttributeCompare" classname="org.antlr.test.TestAttributes" time="0.011"/>
  <testcase name="testDoNotTranslateScopeAttributeCompare" classname="org.antlr.test.TestAttributes" time="0.011"/>
  <testcase name="testTreeRuleStopAttributeIsInvalid" classname="org.antlr.test.TestAttributes" time="0.01"/>
  <testcase name="testRefToTextAttributeForCurrentTreeRule" classname="org.antlr.test.TestAttributes" time="0.009"/>
  <testcase name="testTypeOfGuardedAttributeRefIsCorrect" classname="org.antlr.test.TestAttributes" time="0.017"/>
</testsuite>