<?xml version="1.0" encoding="UTF-8"?>
<testsuite name="org.antlr.test.TestDFAConversion" time="0.084" tests="81" errors="0" skipped="0" failures="1">
  <properties>
[...]
</properties>
  <testcase name="testInvokeRule" classname="org.antlr.test.TestDFAConversion" time="0.001"/>
  <testcase name="testAB_or_AC" classname="org.antlr.test.TestDFAConversion" time="0.001"/>
  <testcase name="testAB_or_AC_k2" classname="org.antlr.test.TestDFAConversion" time="0.001"/>
  <testcase name="testAB_or_AC_k1" classname="org.antlr.test.TestDFAConversion" time="0.001"/>
  <testcase name="testselfRecurseNonDet" classname="org.antlr.test.TestDFAConversion" time="0.001"/>
  <testcase name="testRecursionOverflow" classname="org.antlr.test.TestDFAConversion" time="0.001"/>
  <testcase name="testRecursionOverflow2" classname="org.antlr.test.TestDFAConversion" time="0.001"/>
  <testcase name="testRecursionOverflowWithPredOk" classname="org.antlr.test.TestDFAConversion" time="0.001"/>
  <testcase name="testRecursionOverflowWithPredOk2" classname="org.antlr.test.TestDFAConversion" time="0.001"/>
  <testcase name="testCannotSeePastRecursion" classname="org.antlr.test.TestDFAConversion" time="0.001"/>
  <testcase name="testSynPredResolvesRecursion" classname="org.antlr.test.TestDFAConversion" time="0.001"/>
  <testcase name="testSynPredMissingInMiddle" classname="org.antlr.test.TestDFAConversion" time="0.001"/>
  <testcase name="testAutoBacktrackAndPredMissingInMiddle" classname="org.antlr.test.TestDFAConversion" time="0.001"/>
  <testcase name="testSemPredResolvesRecursion" classname="org.antlr.test.TestDFAConversion" time="0.001"/>
  <testcase name="testSemPredResolvesRecursion2" classname="org.antlr.test.TestDFAConversion" time="0.001"/>
  <testcase name="testSemPredResolvesRecursion3" classname="org.antlr.test.TestDFAConversion" time="0.001"/>
  <testcase name="testSynPredResolvesRecursion2" classname="org.antlr.test.TestDFAConversion" time="0.001"/>
  <testcase name="testSynPredResolvesRecursion3" classname="org.antlr.test.TestDFAConversion" time="0.001"/>
  <testcase name="testSynPredResolvesRecursion4" classname="org.antlr.test.TestDFAConversion" time="0.001"/>
  <testcase name="testSynPredResolvesRecursionInLexer" classname="org.antlr.test.TestDFAConversion" time="0.001"/>
  <testcase name="testAutoBacktrackResolvesRecursionInLexer" classname="org.antlr.test.TestDFAConversion" time="0.001"/>
  <testcase name="testAutoBacktrackResolvesRecursion" classname="org.antlr.test.TestDFAConversion" time="0.001"/>
  <testcase name="testselfRecurseNonDet2" classname="org.antlr.test.TestDFAConversion" time="0.001"/>
  <testcase name="testIndirectRecursionLoop" classname="org.antlr.test.TestDFAConversion" time="0.001"/>
  <testcase name="testIndirectRecursionLoop2" classname="org.antlr.test.TestDFAConversion" time="0.001"/>
  <testcase name="testIndirectRecursionLoop3" classname="org.antlr.test.TestDFAConversion" time="0.001"/>
  <testcase name="testifThenElse" classname="org.antlr.test.TestDFAConversion" time="0.001"/>
  <testcase name="testifThenElseChecksStackSuffixConflict" classname="org.antlr.test.TestDFAConversion" time="0.001"/>
  <testcase name="testDoubleInvokeRuleLeftEdge" classname="org.antlr.test.TestDFAConversion" time="0"/>
  <testcase name="testimmediateTailRecursion" classname="org.antlr.test.TestDFAConversion" time="0"/>
  <testcase name="testAStar_immediateTailRecursion" classname="org.antlr.test.TestDFAConversion" time="0.001"/>
  <testcase name="testNoStartRule" classname="org.antlr.test.TestDFAConversion" time="0.007"/>
  <testcase name="testAStar_immediateTailRecursion2" classname="org.antlr.test.TestDFAConversion" time="0.001"/>
  <testcase name="testimmediateLeftRecursion" classname="org.antlr.test.TestDFAConversion" time="0"/>
  <testcase name="testIndirectLeftRecursion" classname="org.antlr.test.TestDFAConversion" time="0.002"/>
  <testcase name="testLeftRecursionInMultipleCycles" classname="org.antlr.test.TestDFAConversion" time="0.001"/>
  <testcase name="testCycleInsideRuleDoesNotForceInfiniteRecursion" classname="org.antlr.test.TestDFAConversion" time="0.001"/>
  <testcase name="testAStar" classname="org.antlr.test.TestDFAConversion" time="0"/>
  <testcase name="testAorBorCStar" classname="org.antlr.test.TestDFAConversion" time="0.001"/>
  <testcase name="testAPlus" classname="org.antlr.test.TestDFAConversion" time="0"/>
  <testcase name="testAPlusNonGreedyWhenDeterministic" classname="org.antlr.test.TestDFAConversion" time="0.001"/>
  <testcase name="testAPlusNonGreedyWhenNonDeterministic" classname="org.antlr.test.TestDFAConversion" time="0.001"/>
  <testcase name="testAPlusGreedyWhenNonDeterministic" classname="org.antlr.test.TestDFAConversion" time="0.001"/>
  <testcase name="testAorBorCPlus" classname="org.antlr.test.TestDFAConversion" time="0"/>
  <testcase name="testAOptional" classname="org.antlr.test.TestDFAConversion" time="0.001"/>
  <testcase name="testAorBorCOptional" classname="org.antlr.test.TestDFAConversion" time="0.001"/>
  <testcase name="testAStarBOrAStarC" classname="org.antlr.test.TestDFAConversion" time="0.001"/>
  <testcase name="testAStarBOrAPlusC" classname="org.antlr.test.TestDFAConversion" time="0.002"/>
  <testcase name="testAOrBPlusOrAPlus" classname="org.antlr.test.TestDFAConversion" time="0.001"/>
  <testcase name="testLoopbackAndExit" classname="org.antlr.test.TestDFAConversion" time="0.001"/>
  <testcase name="testOptionalAltAndBypass" classname="org.antlr.test.TestDFAConversion" time="0.001"/>
  <testcase name="testResolveLL1ByChoosingFirst" classname="org.antlr.test.TestDFAConversion" time="0"/>
  <testcase name="testResolveLL2ByChoosingFirst" classname="org.antlr.test.TestDFAConversion" time="0.001"/>
  <testcase name="testResolveLL2MixAlt" classname="org.antlr.test.TestDFAConversion" time="0.001"/>
  <testcase name="testIndirectIFThenElseStyleAmbig" classname="org.antlr.test.TestDFAConversion" time="0.002"/>
  <testcase name="testComplement" classname="org.antlr.test.TestDFAConversion" time="0.001"/>
  <testcase name="testComplementToken" classname="org.antlr.test.TestDFAConversion" time="0"/>
  <testcase name="testNoSetCollapseWithActions" classname="org.antlr.test.TestDFAConversion" time="0.001"/>
  <testcase name="testComplementChar" classname="org.antlr.test.TestDFAConversion" time="0.001"/>
  <testcase name="testComplementCharSet" classname="org.antlr.test.TestDFAConversion" time="0.001"/>
  <testcase name="testRuleAltsSetCollapse" classname="org.antlr.test.TestDFAConversion" time="0.001"/>
  <testcase name="testTokensRuleAltsDoNotCollapse" classname="org.antlr.test.TestDFAConversion" time="0"/>
  <testcase name="testMultipleSequenceCollision" classname="org.antlr.test.TestDFAConversion" time="0.005">
    <failure message="expected:&lt;[A]&gt; but was:&lt;[B]&gt;" type="org.junit.ComparisonFailure"><![CDATA[org.junit.ComparisonFailure: expected:<[A]> but was:<[B]>
	at org.junit.Assert.assertEquals(Assert.java:125)
	at org.junit.Assert.assertEquals(Assert.java:147)
	at org.antlr.test.TestDFAConversion.checkDecision(TestDFAConversion.java:1673)
	at org.antlr.test.TestDFAConversion.testMultipleSequenceCollision(TestDFAConversion.java:1208)
]]></failure>
  </testcase>
  <testcase name="testMultipleAltsSameSequenceCollision" classname="org.antlr.test.TestDFAConversion" time="0.001"/>
  <testcase name="testFollowReturnsToLoopReenteringSameRule" classname="org.antlr.test.TestDFAConversion" time="0.001"/>
  <testcase name="testTokenCallsAnotherOnLeftEdge" classname="org.antlr.test.TestDFAConversion" time="0"/>
  <testcase name="testSelfRecursionAmbigAlts" classname="org.antlr.test.TestDFAConversion" time="0.001"/>
  <testcase name="testIndirectRecursionAmbigAlts" classname="org.antlr.test.TestDFAConversion" time="0.002"/>
  <testcase name="testTailRecursionInvokedFromArbitraryLookaheadDecision" classname="org.antlr.test.TestDFAConversion" time="0.001"/>
  <testcase name="testWildcardStarK1AndNonGreedyByDefaultInParser" classname="org.antlr.test.TestDFAConversion" time="0.001"/>
  <testcase name="testWildcardPlusK1AndNonGreedyByDefaultInParser" classname="org.antlr.test.TestDFAConversion" time="0.001"/>
  <testcase name="testGatedSynPred" classname="org.antlr.test.TestDFAConversion" time="0.001"/>
  <testcase name="testHoistedGatedSynPred" classname="org.antlr.test.TestDFAConversion" time="0.001"/>
  <testcase name="testHoistedGatedSynPred2" classname="org.antlr.test.TestDFAConversion" time="0.001"/>
  <testcase name="testGreedyGetsNoErrorForAmbig" classname="org.antlr.test.TestDFAConversion" time="0.001"/>
  <testcase name="testGreedyNonLLStarStillGetsError" classname="org.antlr.test.TestDFAConversion" time="0.001"/>
  <testcase name="testGreedyRecOverflowStillGetsError" classname="org.antlr.test.TestDFAConversion" time="0.001"/>
  <testcase name="testCyclicTableCreation" classname="org.antlr.test.TestDFAConversion" time="0"/>
  <testcase name="testWildcardInTreeGrammar" classname="org.antlr.test.TestDFAConversion" time="0.001"/>
  <testcase name="testWildcardInTreeGrammar2" classname="org.antlr.test.TestDFAConversion" time="0.001"/>
  <testcase name="testA" classname="org.antlr.test.TestDFAConversion" time="0.001"/>
</testsuite>