<?xml version="1.0" encoding="UTF-8"?>
<testsuite name="org.antlr.test.TestCompositeGrammars" time="4.452" tests="30" errors="0" skipped="0" failures="0">
  <properties>
[...]
</properties>
  <testcase name="testLexerDelegatorRuleOverridesDelegateLeavingNoRules" classname="org.antlr.test.TestCompositeGrammars" time="0.003"/>
  <testcase name="testDelegatorInvokesFirstVersionOfDelegateRule" classname="org.antlr.test.TestCompositeGrammars" time="0.429"/>
  <testcase name="testDelegatorRuleOverridesLookaheadInDelegate" classname="org.antlr.test.TestCompositeGrammars" time="0.264"/>
  <testcase name="testLexerDelegatorInvokesDelegateRule" classname="org.antlr.test.TestCompositeGrammars" time="0.207"/>
  <testcase name="testImportedTokenVocabIgnoredWithWarning" classname="org.antlr.test.TestCompositeGrammars" time="0.007"/>
  <testcase name="testHeadersPropogatedCorrectlyToImportedGrammars" classname="org.antlr.test.TestCompositeGrammars" time="0.043"/>
  <testcase name="testDelegatorRuleOverridesDelegates" classname="org.antlr.test.TestCompositeGrammars" time="0.269"/>
  <testcase name="testDelegatorRuleOverridesDelegate" classname="org.antlr.test.TestCompositeGrammars" time="0.217"/>
  <testcase name="testDelegatorInvokesDelegateRuleWithArgs" classname="org.antlr.test.TestCompositeGrammars" time="0.256"/>
  <testcase name="testLexerDelegatorRuleOverridesDelegate" classname="org.antlr.test.TestCompositeGrammars" time="0.229"/>
  <testcase name="testRulesVisibleThroughMultilevelImport" classname="org.antlr.test.TestCompositeGrammars" time="0.013"/>
  <testcase name="testSyntacticPredicateRulesAreNotInherited" classname="org.antlr.test.TestCompositeGrammars" time="0.293"/>
  <testcase name="testDelegatorInvokesDelegateRuleWithReturnStruct" classname="org.antlr.test.TestCompositeGrammars" time="0.265"/>
  <testcase name="testDelegatorAccessesDelegateMembers" classname="org.antlr.test.TestCompositeGrammars" time="0.294"/>
  <testcase name="testImportedTokenVocabWorksInRoot" classname="org.antlr.test.TestCompositeGrammars" time="0.027"/>
  <testcase name="testSyntaxErrorsInImportsNotThrownOut" classname="org.antlr.test.TestCompositeGrammars" time="0.007"/>
  <testcase name="testSyntaxErrorsInImportsNotThrownOut2" classname="org.antlr.test.TestCompositeGrammars" time="0.008"/>
  <testcase name="test3LevelImport" classname="org.antlr.test.TestCompositeGrammars" time="0.129"/>
  <testcase name="testDelegatesSeeSameTokenType2" classname="org.antlr.test.TestCompositeGrammars" time="0.013"/>
  <testcase name="testWildcardStillWorks" classname="org.antlr.test.TestCompositeGrammars" time="0.001"/>
  <testcase name="testWarningForUndefinedToken" classname="org.antlr.test.TestCompositeGrammars" time="0.168"/>
  <testcase name="testCombinedImportsCombined" classname="org.antlr.test.TestCompositeGrammars" time="0.022"/>
  <testcase name="testSameNameTwoStrings" classname="org.antlr.test.TestCompositeGrammars" time="0.016"/>
  <testcase name="testInvalidImportMechanism" classname="org.antlr.test.TestCompositeGrammars" time="0.007"/>
  <testcase name="testKeywordVSIDGivesNoWarning" classname="org.antlr.test.TestCompositeGrammars" time="0.313"/>
  <testcase name="testDelegatesSeeSameTokenType" classname="org.antlr.test.TestCompositeGrammars" time="0.343"/>
  <testcase name="testSameStringTwoNames" classname="org.antlr.test.TestCompositeGrammars" time="0.011"/>
  <testcase name="testBigTreeOfImports" classname="org.antlr.test.TestCompositeGrammars" time="0.219"/>
  <testcase name="testNestedComposite" classname="org.antlr.test.TestCompositeGrammars" time="0.118"/>
  <testcase name="testDelegatorInvokesDelegateRule" classname="org.antlr.test.TestCompositeGrammars" time="0.261"/>
</testsuite>