<?xml version="1.0" encoding="UTF-8"?>
<testsuite name="org.antlr.test.TestAutoAST" time="10.248" tests="55" errors="0" skipped="0" failures="0">
  <properties>
[...]
</properties>
  <testcase name="testTokenList" classname="org.antlr.test.TestAutoAST" time="0.229"/>
  <testcase name="testLabeledStringRoot" classname="org.antlr.test.TestAutoAST" time="0.235"/>
  <testcase name="testBang" classname="org.antlr.test.TestAutoAST" time="0.256"/>
  <testcase name="testOptionalThenRoot" classname="org.antlr.test.TestAutoAST" time="0.237"/>
  <testcase name="testTokenListInSingleAltBlock" classname="org.antlr.test.TestAutoAST" time="0.226"/>
  <testcase name="testSimpleRootAtOuterLevel" classname="org.antlr.test.TestAutoAST" time="0.23"/>
  <testcase name="testSimpleRootAtOuterLevelReverse" classname="org.antlr.test.TestAutoAST" time="0.221"/>
  <testcase name="testWildcard" classname="org.antlr.test.TestAutoAST" time="0.218"/>
  <testcase name="testWildcardRoot" classname="org.antlr.test.TestAutoAST" time="0.211"/>
  <testcase name="testWildcardRootWithLabel" classname="org.antlr.test.TestAutoAST" time="0.224"/>
  <testcase name="testWildcardRootWithListLabel" classname="org.antlr.test.TestAutoAST" time="0.22"/>
  <testcase name="testWildcardBangWithListLabel" classname="org.antlr.test.TestAutoAST" time="0.216"/>
  <testcase name="testRootRoot" classname="org.antlr.test.TestAutoAST" time="0.19"/>
  <testcase name="testRootRoot2" classname="org.antlr.test.TestAutoAST" time="0.218"/>
  <testcase name="testRootThenRootInLoop" classname="org.antlr.test.TestAutoAST" time="0.182"/>
  <testcase name="testNestedSubrule" classname="org.antlr.test.TestAutoAST" time="0.196"/>
  <testcase name="testInvokeRule" classname="org.antlr.test.TestAutoAST" time="0.193"/>
  <testcase name="testInvokeRuleAsRoot" classname="org.antlr.test.TestAutoAST" time="0.192"/>
  <testcase name="testInvokeRuleAsRootWithLabel" classname="org.antlr.test.TestAutoAST" time="0.19"/>
  <testcase name="testInvokeRuleAsRootWithListLabel" classname="org.antlr.test.TestAutoAST" time="0.181"/>
  <testcase name="testRuleRootInLoop" classname="org.antlr.test.TestAutoAST" time="0.175"/>
  <testcase name="testRuleInvocationRuleRootInLoop" classname="org.antlr.test.TestAutoAST" time="0.199"/>
  <testcase name="testTailRecursion" classname="org.antlr.test.TestAutoAST" time="0.192"/>
  <testcase name="testSetRoot" classname="org.antlr.test.TestAutoAST" time="0.183"/>
  <testcase name="testSetRootWithLabel" classname="org.antlr.test.TestAutoAST" time="0.183"/>
  <testcase name="testSetAsRuleRootInLoop" classname="org.antlr.test.TestAutoAST" time="0.172"/>
  <testcase name="testNotSet" classname="org.antlr.test.TestAutoAST" time="0.175"/>
  <testcase name="testNotSetWithLabel" classname="org.antlr.test.TestAutoAST" time="0.213"/>
  <testcase name="testNotSetWithListLabel" classname="org.antlr.test.TestAutoAST" time="0.173"/>
  <testcase name="testNotSetRoot" classname="org.antlr.test.TestAutoAST" time="0.185"/>
  <testcase name="testNotSetRootWithLabel" classname="org.antlr.test.TestAutoAST" time="0.18"/>
  <testcase name="testNotSetRootWithListLabel" classname="org.antlr.test.TestAutoAST" time="0.166"/>
  <testcase name="testNotSetRuleRootInLoop" classname="org.antlr.test.TestAutoAST" time="0.169"/>
  <testcase name="testTokenLabelReuse" classname="org.antlr.test.TestAutoAST" time="0.173"/>
  <testcase name="testTokenLabelReuse2" classname="org.antlr.test.TestAutoAST" time="0.164"/>
  <testcase name="testTokenListLabelReuse" classname="org.antlr.test.TestAutoAST" time="0.153"/>
  <testcase name="testTokenListLabelReuse2" classname="org.antlr.test.TestAutoAST" time="0.15"/>
  <testcase name="testTokenListLabelRuleRoot" classname="org.antlr.test.TestAutoAST" time="0.157"/>
  <testcase name="testTokenListLabelBang" classname="org.antlr.test.TestAutoAST" time="0.156"/>
  <testcase name="testRuleListLabel" classname="org.antlr.test.TestAutoAST" time="0.188"/>
  <testcase name="testRuleListLabelRuleRoot" classname="org.antlr.test.TestAutoAST" time="0.177"/>
  <testcase name="testRuleListLabelBang" classname="org.antlr.test.TestAutoAST" time="0.169"/>
  <testcase name="testComplicatedMelange" classname="org.antlr.test.TestAutoAST" time="0.175"/>
  <testcase name="testReturnValueWithAST" classname="org.antlr.test.TestAutoAST" time="0.179"/>
  <testcase name="testSetLoop" classname="org.antlr.test.TestAutoAST" time="0.171"/>
  <testcase name="testExtraTokenInSimpleDecl" classname="org.antlr.test.TestAutoAST" time="0.167"/>
  <testcase name="testMissingIDInSimpleDecl" classname="org.antlr.test.TestAutoAST" time="0.161"/>
  <testcase name="testMissingSetInSimpleDecl" classname="org.antlr.test.TestAutoAST" time="0.181"/>
  <testcase name="testMissingTokenGivesErrorNode" classname="org.antlr.test.TestAutoAST" time="0.161"/>
  <testcase name="testMissingTokenGivesErrorNodeInInvokedRule" classname="org.antlr.test.TestAutoAST" time="0.197"/>
  <testcase name="testExtraTokenGivesErrorNode" classname="org.antlr.test.TestAutoAST" time="0.149"/>
  <testcase name="testMissingFirstTokenGivesErrorNode" classname="org.antlr.test.TestAutoAST" time="0.148"/>
  <testcase name="testMissingFirstTokenGivesErrorNode2" classname="org.antlr.test.TestAutoAST" time="0.148"/>
  <testcase name="testNoViableAltGivesErrorNode" classname="org.antlr.test.TestAutoAST" time="0.15"/>
  <testcase name="testSet" classname="org.antlr.test.TestAutoAST" time="0.144"/>
</testsuite>